Starting NMTRAN
  
 WARNINGS AND ERRORS (IF ANY) FOR PROBLEM    1
             
 (WARNING  2) NM-TRAN INFERS THAT THE DATA ARE POPULATION.
  
Note: Analytical 2nd Derivatives are constructed in FSUBS but are never used.
      You may insert $ABBR DERIV2=NO after the first $PROB to save FSUBS construction and compilation time
  
Recompiling certain components
Building NONMEM Executable
Starting nonmem execution ...
License Registered to: Metrum Research Group
Expiration Date:    14 JUL 2024
Current Date:       10 OCT 2023
Days until program expires : 279


 First Order Conditional Estimation with Interaction
 MONITORING OF SEARCH:


0ITERATION NO.:    0    OBJECTIVE VALUE:   32110.1419078710        NO. OF FUNC. EVALS.:  12
 CUMULATIVE NO. OF FUNC. EVALS.:       12
 NPARAMETR:  5.0000E-01  3.5000E+00  1.0000E+00  4.0000E+00  2.0000E+00  1.0000E+00  1.0000E+00  5.0000E-01  2.0000E-01  2.0000E-01
             2.0000E-01  5.0000E-02  5.0000E-02
 PARAMETER:  1.0000E-01  1.0000E-01  1.0000E-01  1.0000E-01  1.0000E-01  1.0000E-01  1.0000E-01  1.0000E-01  1.0000E-01  1.0000E-01
             1.0000E-01  1.0000E-01  1.0000E-01
 GRADIENT:   1.4679E+03 -2.6957E+04 -3.3774E+03 -5.6026E+04  1.6462E+04  1.6711E+03  1.5496E+03  2.2977E+02 -7.2971E+01 -2.8734E+02
            -1.5475E+02  3.2105E+02 -7.2256E-01

0ITERATION NO.:    1    OBJECTIVE VALUE:   31872.7788187563        NO. OF FUNC. EVALS.:  16
 CUMULATIVE NO. OF FUNC. EVALS.:       28
 NPARAMETR:  4.9866E-01  3.6728E+00  1.0062E+00  4.4105E+00  1.9397E+00  9.9694E-01  9.9716E-01  4.9979E-01  2.0001E-01  2.0002E-01
             2.0001E-01  4.9994E-02  5.0000E-02
 PARAMETER:  9.9731E-02  1.0494E-01  1.0062E-01  1.1026E-01  9.6985E-02  9.9694E-02  9.9716E-02  9.9958E-02  1.0001E-01  1.0005E-01
             1.0003E-01  9.9941E-02  1.0000E-01
 GRADIENT:   2.9042E+03 -1.1845E+04 -3.8388E+03  5.5350E+04  2.2128E+04  1.5243E+03  1.5203E+03  2.2736E+02 -2.5697E+02  3.1526E+01
            -1.6691E+02  2.1088E+02  5.9599E-03

0ITERATION NO.:    2    OBJECTIVE VALUE:   31764.9485874918        NO. OF FUNC. EVALS.:  17
 CUMULATIVE NO. OF FUNC. EVALS.:       45
 NPARAMETR:  4.9811E-01  3.6883E+00  1.0076E+00  4.3278E+00  1.9232E+00  9.9637E-01  9.9659E-01  4.9975E-01  2.0001E-01  2.0002E-01
             2.0001E-01  4.9993E-02  5.0000E-02
 PARAMETER:  9.9623E-02  1.0538E-01  1.0076E-01  1.0819E-01  9.6158E-02  9.9637E-02  9.9659E-02  9.9949E-02  1.0002E-01  1.0005E-01
             1.0003E-01  9.9933E-02  1.0000E-01
 GRADIENT:   2.5369E+03 -1.2435E+04 -3.7908E+03  2.8011E+04  1.9448E+04  1.5515E+03  1.5280E+03  2.3057E+02 -1.9613E+02  2.8122E+01
            -1.6351E+02  4.4345E+02 -5.3749E-02

0ITERATION NO.:    3    OBJECTIVE VALUE:   31430.7831434938        NO. OF FUNC. EVALS.:  14
 CUMULATIVE NO. OF FUNC. EVALS.:       59
 NPARAMETR:  4.8236E-01  4.3611E+00  1.0626E+00  4.4083E+00  1.4358E+00  9.7312E-01  9.7400E-01  4.9803E-01  2.0009E-01  2.0001E-01
             2.0011E-01  4.9891E-02  5.0000E-02
 PARAMETER:  9.6472E-02  1.2460E-01  1.0626E-01  1.1021E-01  7.1789E-02  9.7312E-02  9.7400E-02  9.9605E-02  1.0022E-01  1.0002E-01
             1.0027E-01  9.8913E-02  1.0000E-01
 GRADIENT:   5.6740E+02  1.6453E+04 -2.7487E+03  3.2338E+04  8.6473E+03  1.3497E+03  1.4082E+03  1.5678E+02 -2.1066E+00  7.5787E+01
            -1.0813E+02  7.0552E+02  1.6623E-01

0ITERATION NO.:    4    OBJECTIVE VALUE:   31413.0856881861        NO. OF FUNC. EVALS.:  14
 CUMULATIVE NO. OF FUNC. EVALS.:       73
 NPARAMETR:  4.7308E-01  4.0812E+00  1.1241E+00  4.4927E+00  1.0444E+00  9.4427E-01  9.4509E-01  4.9615E-01  2.0009E-01  1.9996E-01
             2.0021E-01  4.9721E-02  5.0000E-02
 PARAMETER:  9.4617E-02  1.1661E-01  1.1241E-01  1.1232E-01  5.2220E-02  9.4427E-02  9.4509E-02  9.9230E-02  1.0024E-01  9.9912E-02
             1.0052E-01  9.7201E-02  1.0000E-01
 GRADIENT:  -1.3418E+02 -2.5481E+03 -1.0937E+03  2.8510E+04 -5.7037E+03  1.1787E+03  1.2592E+03  5.0809E+01  2.2935E+01  1.8125E+02
            -5.6473E+01  6.7595E+02  1.0540E-01

0ITERATION NO.:    5    OBJECTIVE VALUE:   31358.8994493972        NO. OF FUNC. EVALS.:  14
 CUMULATIVE NO. OF FUNC. EVALS.:       87
 NPARAMETR:  4.6238E-01  4.0881E+00  1.4237E+00  4.4747E+00  1.1225E+00  7.4297E-01  7.3846E-01  4.8741E-01  1.9984E-01  1.9922E-01
             2.0073E-01  4.8388E-02  5.0000E-02
 PARAMETER:  9.2477E-02  1.1680E-01  1.4237E-01  1.1187E-01  5.6124E-02  7.4297E-02  7.3846E-02  9.7481E-02  9.9596E-02  9.8050E-02
             1.0183E-01  8.3611E-02  1.0000E-01
 GRADIENT:  -3.8144E+00 -1.1616E+03  3.9982E+03  3.4021E+04 -4.6064E+03  4.5245E+02  6.7626E+02 -1.7473E+02  1.9555E+01  1.8335E+02
            -3.0902E+01  5.5194E+02  1.1088E-01

0ITERATION NO.:    6    OBJECTIVE VALUE:   31337.8861715133        NO. OF FUNC. EVALS.:  13
 CUMULATIVE NO. OF FUNC. EVALS.:      100
 NPARAMETR:  3.6974E-01  4.0794E+00  1.1425E+00  4.4455E+00  1.1357E+00 -2.6861E-01 -3.6923E-01  4.7948E-01  1.9810E-01  1.9434E-01
             2.0377E-01  4.0746E-02  5.0000E-02
 PARAMETER:  7.3949E-02  1.1655E-01  1.1425E-01  1.1114E-01  5.6785E-02 -2.6861E-02 -3.6923E-02  9.5896E-02  9.5215E-02  8.5643E-02
             1.0933E-01 -2.3284E-03  9.9998E-02
 GRADIENT:  -3.1808E+02 -1.9591E+02  1.4917E+03  3.7353E+04 -5.3012E+03 -2.1444E+03 -3.2273E+02 -2.0053E+01  1.4441E+01  1.8071E+02
            -6.7130E+01 -2.1629E+02 -7.3165E-03

0ITERATION NO.:    7    OBJECTIVE VALUE:   31316.0871199724        NO. OF FUNC. EVALS.:  14
 CUMULATIVE NO. OF FUNC. EVALS.:      114
 NPARAMETR:  3.4572E-01  4.0823E+00  1.1322E+00  4.4381E+00  1.1389E+00 -5.8459E-02 -6.7193E-01  4.6503E-01  1.9716E-01  1.9163E-01
             2.0588E-01  3.8532E-02  5.0000E-02
 PARAMETER:  6.9145E-02  1.1664E-01  1.1322E-01  1.1095E-01  5.6947E-02 -5.8459E-03 -6.7193E-02  9.3005E-02  9.2842E-02  7.8635E-02
             1.1448E-01 -3.0270E-02  1.0000E-01
 GRADIENT:  -4.2039E+02  3.4024E+02  1.6047E+03  3.8710E+04 -5.6377E+03 -1.5176E+03 -6.8293E+02 -6.8022E+01  1.1238E+01  1.7965E+02
            -1.6610E+01 -5.0739E+02 -6.9647E-02

0ITERATION NO.:    8    OBJECTIVE VALUE:   31310.3360110283        NO. OF FUNC. EVALS.:  14
 CUMULATIVE NO. OF FUNC. EVALS.:      128
 NPARAMETR:  3.7431E-01  4.0961E+00  1.1432E+00  4.4302E+00  1.1182E+00 -7.8039E-02 -4.9728E-01  4.4549E-01  1.9144E-01  1.7318E-01
             2.1264E-01  3.6828E-02  5.0006E-02
 PARAMETER:  7.4863E-02  1.1703E-01  1.1432E-01  1.1076E-01  5.5910E-02 -7.8039E-03 -4.9728E-02  8.9098E-02  7.8136E-02  2.8010E-02
             1.3064E-01 -5.2888E-02  1.0006E-01
 GRADIENT:  -3.5946E+02  7.3592E+02  1.6642E+03  3.9022E+04 -6.2584E+03 -1.5297E+03 -4.7110E+02 -6.4617E+01  6.5566E+00  1.6895E+02
             5.9342E+00 -7.6072E+02 -1.2922E-01

0ITERATION NO.:    9    OBJECTIVE VALUE:   31299.1452462569        NO. OF FUNC. EVALS.:  13
 CUMULATIVE NO. OF FUNC. EVALS.:      141
 NPARAMETR:  2.8332E-01  4.0734E+00  1.1396E+00  4.4374E+00  1.1307E+00 -1.0221E-01 -4.6569E-01  3.7009E-01  1.7428E-01  1.2374E-01
             2.3429E-01  3.7426E-02  5.0030E-02
 PARAMETER:  5.6664E-02  1.1638E-01  1.1396E-01  1.1094E-01  5.6536E-02 -1.0221E-02 -4.6569E-02  7.4017E-02  3.1181E-02 -1.4005E-01
             1.7911E-01 -4.4829E-02  1.0030E-01
 GRADIENT:  -7.3215E+02 -1.2313E+03  1.5958E+03  3.9189E+04 -6.7161E+03 -1.4325E+03 -4.0059E+02 -8.5228E+01  3.7224E-01  1.1485E+02
             2.8404E+01 -6.8381E+02 -1.1259E-01

0ITERATION NO.:   10    OBJECTIVE VALUE:   31292.3575550014        NO. OF FUNC. EVALS.:  13
 CUMULATIVE NO. OF FUNC. EVALS.:      154
 NPARAMETR:  4.2740E-01  4.1042E+00  1.1178E+00  4.4381E+00  1.0566E+00 -1.1792E-01 -5.9064E-01  3.0664E-01  1.5872E-01  8.9652E-02
             2.5621E-01  3.8799E-02  5.0054E-02
 PARAMETER:  8.5480E-02  1.1726E-01  1.1178E-01  1.1095E-01  5.2829E-02 -1.1792E-02 -5.9064E-02  6.1329E-02 -1.5590E-02 -3.0119E-01
             2.2383E-01 -2.6816E-02  1.0054E-01
 GRADIENT:  -2.4392E+02 -2.7644E+03  1.4788E+03  3.5521E+04 -7.4804E+03 -1.3270E+03 -4.8140E+02 -1.0832E+02 -5.6339E-01  6.1025E+01
             3.4750E+01 -5.1004E+02 -8.8128E-02

0ITERATION NO.:   11    OBJECTIVE VALUE:   31289.1638837345        NO. OF FUNC. EVALS.:  13
 CUMULATIVE NO. OF FUNC. EVALS.:      167
 NPARAMETR:  4.2411E-01  4.1099E+00  1.1440E+00  4.4368E+00  1.0466E+00 -9.4061E-02 -6.2231E-01  5.8998E-01  1.4455E-01  8.6363E-02
             2.5233E-01  3.8868E-02  5.0085E-02
 PARAMETER:  8.4822E-02  1.1743E-01  1.1440E-01  1.1092E-01  5.2330E-02 -9.4061E-03 -6.2231E-02  1.1800E-01 -6.2362E-02 -3.1988E-01
             2.1621E-01 -2.5920E-02  1.0085E-01
 GRADIENT:  -2.8325E+02 -2.5068E+03  1.5188E+03  3.4891E+04 -7.7541E+03 -1.3388E+03 -4.9362E+02 -1.0585E+01 -6.7465E+00  5.5979E+01
             3.7094E+01 -5.1032E+02 -8.9517E-02

0ITERATION NO.:   12    OBJECTIVE VALUE:   31285.1367152856        NO. OF FUNC. EVALS.:  13
 CUMULATIVE NO. OF FUNC. EVALS.:      180
 NPARAMETR:  4.1125E-01  4.1364E+00  1.1431E+00  4.4234E+00  1.0256E+00 -7.7616E-02 -6.2741E-01  4.9764E-01  9.9427E-02  8.6571E-02
             2.2178E-01  3.8848E-02  5.0237E-02
 PARAMETER:  8.2249E-02  1.1818E-01  1.1431E-01  1.1058E-01  5.1282E-02 -7.7616E-03 -6.2741E-02  9.9528E-02 -2.4945E-01 -3.1867E-01
             1.5168E-01 -2.6180E-02  1.0236E-01
 GRADIENT:  -4.4634E+02  3.4050E+02  1.7397E+03  3.3593E+04 -8.5146E+03 -1.4719E+03 -5.9143E+02 -5.8970E+01 -2.7830E+01  6.5958E+01
             3.6586E+00 -5.4171E+02 -9.5939E-02

0ITERATION NO.:   13    OBJECTIVE VALUE:   31280.5767519892        NO. OF FUNC. EVALS.:  14
 CUMULATIVE NO. OF FUNC. EVALS.:      194
 NPARAMETR:  4.1281E-01  4.1488E+00  1.1318E+00  4.4131E+00  1.0356E+00 -1.0895E-01 -6.1032E-01  4.5931E-01  8.1566E-02  9.5735E-02
             2.7562E-01  3.9632E-02  5.0589E-02
 PARAMETER:  8.2562E-02  1.1854E-01  1.1318E-01  1.1033E-01  5.1780E-02 -1.0895E-02 -6.1032E-02  9.1863E-02 -3.4845E-01 -2.6837E-01
             2.6035E-01 -1.6190E-02  1.0585E-01
 GRADIENT:  -4.4364E+02  1.9645E+03  1.4100E+03  3.1663E+04 -7.9776E+03 -1.2295E+03 -4.4613E+02 -4.9334E+01 -3.2824E+01  8.8105E+01
             5.9295E+01 -4.2472E+02 -6.9048E-02

0ITERATION NO.:   14    OBJECTIVE VALUE:   31075.3086428818        NO. OF FUNC. EVALS.:  15
 CUMULATIVE NO. OF FUNC. EVALS.:      209
 NPARAMETR:  3.2514E-01  4.1255E+00  1.1839E+00  4.2762E+00  1.3133E+00  3.6324E-01 -3.2769E-01  4.7152E-01  8.9546E-02  7.5346E-02
             1.3596E-01  3.6757E-02  6.4152E-02
 PARAMETER:  6.5029E-02  1.1787E-01  1.1839E-01  1.0690E-01  6.5663E-02  3.6324E-02 -3.2769E-02  9.4303E-02 -3.0178E-01 -3.8811E-01
            -9.2973E-02 -5.3847E-02  2.2461E-01
 GRADIENT:  -1.6629E+02  6.6912E+03  1.8435E+03  1.5851E+04  1.3614E+03 -5.3746E+02 -4.8365E+02 -8.4537E+01 -4.0682E+01  1.4800E+01
             1.9721E+01 -5.8950E+02 -1.6775E-01

0ITERATION NO.:   15    OBJECTIVE VALUE:   31070.0209522634        NO. OF FUNC. EVALS.:  13
 CUMULATIVE NO. OF FUNC. EVALS.:      222
 NPARAMETR:  3.3408E-01  4.0669E+00  1.1410E+00  4.2266E+00  1.3467E+00  6.9234E-01 -1.0229E-02  5.0302E-01  1.0915E-01  7.7623E-02
             7.7831E-02  3.7778E-02  8.6152E-02
 PARAMETER:  6.6816E-02  1.1620E-01  1.1410E-01  1.0566E-01  6.7335E-02  6.9234E-02 -1.0229E-03  1.0060E-01 -2.0278E-01 -3.7323E-01
            -3.7189E-01 -4.0150E-02  3.7205E-01
 GRADIENT:   1.3251E+01 -1.0802E+03 -9.1872E+02  2.5985E+03  2.2645E+03  1.4444E+03  2.4241E+02  2.5760E+01 -2.8732E+01  1.7915E+01
            -1.6084E+02 -3.4956E+02 -2.4238E-01

0ITERATION NO.:   16    OBJECTIVE VALUE:   31046.7975247150        NO. OF FUNC. EVALS.:  14
 CUMULATIVE NO. OF FUNC. EVALS.:      236
 NPARAMETR:  3.4562E-01  4.0696E+00  1.1332E+00  4.2273E+00  1.3410E+00  5.7767E-01 -5.5009E-02  4.7285E-01  1.0970E-01  7.4968E-02
             9.3324E-02  3.8383E-02  8.9246E-02
 PARAMETER:  6.9125E-02  1.1627E-01  1.1332E-01  1.0568E-01  6.7050E-02  5.7767E-02 -5.5009E-03  9.4571E-02 -2.0026E-01 -3.9063E-01
            -2.8112E-01 -3.2208E-02  3.8969E-01
 GRADIENT:   5.9117E+01 -1.3140E+03 -5.5994E+02  2.7667E+03  2.1272E+03  5.5932E+02  1.0947E+02  7.4269E+00 -2.7077E+01  1.0410E+01
            -7.0267E+01 -2.6107E+02 -2.1104E-01

0ITERATION NO.:   17    OBJECTIVE VALUE:   31031.4510420724        NO. OF FUNC. EVALS.:  13
 CUMULATIVE NO. OF FUNC. EVALS.:      249
 NPARAMETR:  3.8378E-01  4.1074E+00  1.1482E+00  4.2417E+00  1.2916E+00  5.2461E-01 -1.0438E-01  5.2175E-01  1.3825E-01  6.5903E-02
             1.0631E-01  3.9978E-02  1.1646E-01
 PARAMETER:  7.6756E-02  1.1735E-01  1.1482E-01  1.0604E-01  6.4581E-02  5.2461E-02 -1.0438E-02  1.0435E-01 -8.4637E-02 -4.5507E-01
            -2.1600E-01 -1.1845E-02  5.2275E-01
 GRADIENT:   2.4705E+01  1.5412E+03  6.4435E+01  6.8545E+03  7.2723E+02  1.7722E+02 -2.2746E+01  2.4743E+01 -7.1529E+00 -1.3667E+01
            -2.2710E+01 -4.4816E+01 -6.8438E-02

0ITERATION NO.:   18    OBJECTIVE VALUE:   31029.7995856483        NO. OF FUNC. EVALS.:  13
 CUMULATIVE NO. OF FUNC. EVALS.:      262
 NPARAMETR:  3.9292E-01  4.0980E+00  1.1425E+00  4.2216E+00  1.2868E+00  4.8018E-01 -9.4389E-02  4.5607E-01  1.3829E-01  6.9500E-02
             1.1421E-01  4.0273E-02  1.4837E-01
 PARAMETER:  7.8585E-02  1.1708E-01  1.1425E-01  1.0554E-01  6.4342E-02  4.8018E-02 -9.4389E-03  9.1215E-02 -8.4477E-02 -4.2850E-01
            -1.8014E-01 -8.1683E-03  6.4384E-01
 GRADIENT:   4.9372E+01 -3.6871E+02  1.4683E+02  2.4648E+03  5.1653E+02 -1.6368E+01 -5.4175E+00 -1.9275E+01 -7.7053E+00 -2.1208E+00
             5.2608E-01  1.4842E+01 -1.2561E-01

0ITERATION NO.:   19    OBJECTIVE VALUE:   31029.6887879781        NO. OF FUNC. EVALS.:  13
 CUMULATIVE NO. OF FUNC. EVALS.:      275
 NPARAMETR:  3.9885E-01  4.1039E+00  1.1333E+00  4.2110E+00  1.2781E+00  4.6741E-01 -1.0552E-01  4.8569E-01  1.5050E-01  6.9817E-02
             1.1672E-01  4.0057E-02  2.1753E-01
 PARAMETER:  7.9770E-02  1.1725E-01  1.1333E-01  1.0527E-01  6.3906E-02  4.6741E-02 -1.0552E-02  9.7137E-02 -4.2182E-02 -4.2622E-01
            -1.6927E-01 -1.0857E-02  8.3516E-01
 GRADIENT:   1.2285E+01  4.5775E+01 -1.2310E+02  5.3162E+02  3.7953E+02 -6.8843E+01  3.6858E+00  1.9518E+01 -1.6882E+00 -1.2318E+00
             5.7270E+00  2.4003E+00 -2.1775E-01

0ITERATION NO.:   20    OBJECTIVE VALUE:   31028.7594914294        NO. OF FUNC. EVALS.:  15
 CUMULATIVE NO. OF FUNC. EVALS.:      290
 NPARAMETR:  4.1011E-01  4.1091E+00  1.1374E+00  4.2043E+00  1.2591E+00  4.7955E-01 -1.0372E-01  4.4409E-01  1.5797E-01  7.0327E-02
             1.1603E-01  3.9886E-02  5.8388E-01
 PARAMETER:  8.2022E-02  1.1740E-01  1.1374E-01  1.0511E-01  6.2953E-02  4.7955E-02 -1.0372E-02  8.8818E-02 -1.7969E-02 -4.2258E-01
            -1.7222E-01 -1.2994E-02  1.3288E+00
 GRADIENT:  -3.7098E+00  8.3128E+01  8.9168E+01 -8.1492E+01 -2.3262E+02 -4.6258E+00 -1.9197E+01 -2.5304E+01  1.6413E+00  1.2946E+00
             4.7521E+00 -6.3825E+00 -3.6928E-01

0ITERATION NO.:   21    OBJECTIVE VALUE:   31028.3372339366        NO. OF FUNC. EVALS.:  13
 CUMULATIVE NO. OF FUNC. EVALS.:      303
 NPARAMETR:  4.0744E-01  4.1073E+00  1.1403E+00  4.2040E+00  1.2621E+00  4.8291E-01 -9.7347E-02  4.7264E-01  1.5538E-01  7.0284E-02
             1.1456E-01  3.9908E-02  1.0943E+00
 PARAMETER:  8.1488E-02  1.1735E-01  1.1403E-01  1.0510E-01  6.3103E-02  4.8291E-02 -9.7347E-03  9.4528E-02 -2.6217E-02 -4.2289E-01
            -1.7862E-01 -1.2724E-02  1.6429E+00
 GRADIENT:  -1.3163E+00 -6.4653E+01  5.3436E+01 -5.8483E+01 -1.7746E+02 -1.1390E-01 -9.2126E-01 -1.7318E+00  6.0491E-01  1.0380E+00
             1.5856E+00  5.6502E+00 -1.8972E-02

0ITERATION NO.:   22    OBJECTIVE VALUE:   31028.3372339366        NO. OF FUNC. EVALS.:  33
 CUMULATIVE NO. OF FUNC. EVALS.:      336
 NPARAMETR:  4.0744E-01  4.1073E+00  1.1403E+00  4.2040E+00  1.2621E+00  4.8291E-01 -9.7347E-02  4.7264E-01  1.5538E-01  7.0284E-02
             1.1456E-01  3.9908E-02  1.0943E+00
 PARAMETER:  8.1488E-02  1.1735E-01  1.1403E-01  1.0510E-01  6.3103E-02  4.8291E-02 -9.7347E-03  9.4528E-02 -2.6217E-02 -4.2289E-01
            -1.7862E-01 -1.2724E-02  1.6429E+00
 GRADIENT:  -5.6694E+00 -2.8841E+03 -7.8622E+02 -7.1122E+02 -2.4890E+02 -9.2253E+01 -5.7506E+01 -1.0301E+01  6.0491E-01  1.0380E+00
             1.5856E+00  5.0282E+00 -2.4146E-02

0ITERATION NO.:   23    OBJECTIVE VALUE:   31026.1015465675        NO. OF FUNC. EVALS.:  31
 CUMULATIVE NO. OF FUNC. EVALS.:      367
 NPARAMETR:  4.1162E-01  4.1181E+00  1.1635E+00  4.2025E+00  1.2618E+00  4.9325E-01 -5.7850E-02  5.0283E-01  1.5421E-01  6.9780E-02
             1.1378E-01  3.9885E-02  1.0839E+00
 PARAMETER:  8.2324E-02  1.1766E-01  1.1635E-01  1.0506E-01  6.3091E-02  4.9325E-02 -5.7850E-03  1.0057E-01 -3.0008E-02 -4.2648E-01
            -1.8201E-01 -1.3016E-02  1.6382E+00
 GRADIENT:  -6.3356E+00 -1.5241E+03 -3.2944E+02 -7.2478E+02 -7.3991E+01 -7.7336E+01 -7.2298E+00 -6.1978E+00 -2.7285E-01  6.8664E-01
             2.5338E+00 -5.8628E+00 -9.4244E-02

0ITERATION NO.:   24    OBJECTIVE VALUE:   31025.4790362015        NO. OF FUNC. EVALS.:  30
 CUMULATIVE NO. OF FUNC. EVALS.:      397
 NPARAMETR:  4.2084E-01  4.1320E+00  1.1811E+00  4.2036E+00  1.2570E+00  5.1584E-01 -5.1594E-02  5.3244E-01  1.5431E-01  6.9271E-02
             1.1254E-01  3.9966E-02  1.5239E+00
 PARAMETER:  8.4167E-02  1.1806E-01  1.1811E-01  1.0509E-01  6.2852E-02  5.1584E-02 -5.1594E-03  1.0649E-01 -2.9682E-02 -4.3014E-01
            -1.8752E-01 -1.1999E-02  1.8085E+00
 GRADIENT:   4.5904E+00  1.4987E+02  3.3618E+01  1.2589E+02 -3.4143E+01  5.2399E+00 -1.8571E+01 -3.7383E+00 -4.8403E-01  6.6768E-02
            -7.1599E-01  2.9904E+00  7.4566E-01

0ITERATION NO.:   25    OBJECTIVE VALUE:   31025.4428709103        NO. OF FUNC. EVALS.:  30
 CUMULATIVE NO. OF FUNC. EVALS.:      427
 NPARAMETR:  4.2000E-01  4.1322E+00  1.1830E+00  4.2051E+00  1.2589E+00  5.1659E-01 -4.8132E-02  5.4084E-01  1.5354E-01  6.9220E-02
             1.1254E-01  4.0003E-02  8.4556E-01
 PARAMETER:  8.4000E-02  1.1806E-01  1.1830E-01  1.0513E-01  6.2944E-02  5.1659E-02 -4.8132E-03  1.0817E-01 -3.2188E-02 -4.3051E-01
            -1.8752E-01 -1.1538E-02  1.5140E+00
 GRADIENT:   4.7042E+00  2.3878E+02  6.0933E+01  1.0618E+02  6.2052E+01  5.1289E+00 -1.1807E+01  1.5197E+00 -9.7909E-01 -1.7159E-01
            -4.5882E-01 -5.8600E+00 -2.0301E-01

0ITERATION NO.:   26    OBJECTIVE VALUE:   31025.4142046696        NO. OF FUNC. EVALS.:  30
 CUMULATIVE NO. OF FUNC. EVALS.:      457
 NPARAMETR:  4.1883E-01  4.1303E+00  1.1800E+00  4.2046E+00  1.2583E+00  5.1259E-01 -4.0345E-02  5.3117E-01  1.5603E-01  6.9242E-02
             1.1268E-01  3.9995E-02  9.8454E-01
 PARAMETER:  8.3765E-02  1.1801E-01  1.1800E-01  1.0511E-01  6.2915E-02  5.1259E-02 -4.0345E-03  1.0623E-01 -2.4135E-02 -4.3036E-01
            -1.8690E-01 -1.1631E-02  1.5901E+00
 GRADIENT:  -2.6451E+00 -1.7784E+01 -8.0295E+00  2.5509E+01 -5.3408E+00 -9.4785E+00  7.6415E+00 -1.2497E+00  4.6327E-01 -2.8443E-01
            -4.3848E-02 -1.4103E+00 -8.0023E-02

0ITERATION NO.:   27    OBJECTIVE VALUE:   31025.4094489691        NO. OF FUNC. EVALS.:  30
 CUMULATIVE NO. OF FUNC. EVALS.:      487
 NPARAMETR:  4.1919E-01  4.1302E+00  1.1802E+00  4.2042E+00  1.2581E+00  5.1446E-01 -4.5103E-02  5.3408E-01  1.5513E-01  6.9377E-02
             1.1276E-01  4.0001E-02  1.0410E+00
 PARAMETER:  8.3838E-02  1.1801E-01  1.1802E-01  1.0511E-01  6.2907E-02  5.1446E-02 -4.5103E-03  1.0682E-01 -2.7035E-02 -4.2938E-01
            -1.8652E-01 -1.1563E-02  1.6179E+00
 GRADIENT:   5.6427E-02 -5.1091E+01 -3.7196E+00 -2.8010E+01 -9.6647E+00 -7.6017E-01 -1.9997E+00  7.2666E-02 -3.1558E-02  2.7097E-01
             1.6614E-01  2.1029E-01 -2.2552E-02

0ITERATION NO.:   28    OBJECTIVE VALUE:   31025.4086900251        NO. OF FUNC. EVALS.:  30
 CUMULATIVE NO. OF FUNC. EVALS.:      517
 NPARAMETR:  4.1920E-01  4.1306E+00  1.1804E+00  4.2043E+00  1.2583E+00  5.1474E-01 -4.4086E-02  5.3413E-01  1.5509E-01  6.9276E-02
             1.1269E-01  4.0001E-02  1.0559E+00
 PARAMETER:  8.3839E-02  1.1802E-01  1.1804E-01  1.0511E-01  6.2917E-02  5.1474E-02 -4.4086E-03  1.0683E-01 -2.7144E-02 -4.3011E-01
            -1.8686E-01 -1.1564E-02  1.6251E+00
 GRADIENT:   7.9615E-03  4.4523E+00 -1.8605E+00 -5.3721E+00  3.2376E+00  3.5637E-01 -1.0250E-01  1.0193E-01 -3.2756E-02 -7.7385E-02
            -4.2545E-02  1.6215E-01 -4.0992E-03

0ITERATION NO.:   29    OBJECTIVE VALUE:   31025.4086476539        NO. OF FUNC. EVALS.:  30
 CUMULATIVE NO. OF FUNC. EVALS.:      547
 NPARAMETR:  4.1924E-01  4.1305E+00  1.1805E+00  4.2043E+00  1.2583E+00  5.1472E-01 -4.3925E-02  5.3413E-01  1.5520E-01  6.9303E-02
             1.1269E-01  3.9999E-02  1.0592E+00
 PARAMETER:  8.3848E-02  1.1802E-01  1.1805E-01  1.0511E-01  6.2913E-02  5.1472E-02 -4.3925E-03  1.0683E-01 -2.6810E-02 -4.2991E-01
            -1.8682E-01 -1.1587E-02  1.6266E+00
 GRADIENT:  -2.9638E-02 -5.2049E-01  4.1433E-01  3.7720E-01 -9.0647E-01  8.4904E-02  6.1022E-02  6.4839E-03  1.1951E-02  9.9803E-03
            -2.5355E-02  5.2344E-02 -2.4707E-04

0ITERATION NO.:   30    OBJECTIVE VALUE:   31025.4086476539        NO. OF FUNC. EVALS.:  20
 CUMULATIVE NO. OF FUNC. EVALS.:      567
 NPARAMETR:  4.1924E-01  4.1305E+00  1.1805E+00  4.2043E+00  1.2583E+00  5.1472E-01 -4.3925E-02  5.3413E-01  1.5520E-01  6.9303E-02
             1.1269E-01  3.9999E-02  1.0592E+00
 PARAMETER:  8.3848E-02  1.1802E-01  1.1805E-01  1.0511E-01  6.2913E-02  5.1472E-02 -4.3925E-03  1.0683E-01 -2.6810E-02 -4.2991E-01
            -1.8682E-01 -1.1587E-02  1.6266E+00
 GRADIENT:  -2.9638E-02 -5.2049E-01  4.1433E-01  3.7720E-01 -9.0647E-01  8.4904E-02  6.1022E-02  6.4839E-03  1.1951E-02  9.9803E-03
            -2.5355E-02  5.2344E-02 -2.4707E-04
 Elapsed estimation  time in seconds:    19.09
 Elapsed covariance  time in seconds:    19.60
 Elapsed postprocess time in seconds:     1.66
 Elapsed finaloutput time in seconds:     0.18
Done with nonmem execution
